<?xml version="1.0" encoding="UTF-8"?>
<!-- Generated by org.testng.reporters.JUnitReportReporter -->
<testsuite hostname="DESKTOP-4ORQ45M" failures="0" tests="2" name="day5.TestNGExercise2" time="3.823" errors="0" timestamp="02 Mar 2022 09:33:50 GMT" skipped="1">
  <testcase classname="day5.TestNGExercise2" name="LoginTC" time="3.823"/>
  <testcase classname="day5.TestNGExercise2" name="FlightSearchTC">
    <skipped/>
  </testcase> <!-- FlightSearchTC -->
</testsuite> <!-- day5.TestNGExercise2 -->
