<?xml version="1.0" encoding="UTF-8"?>
<!-- Generated by org.testng.reporters.JUnitReportReporter -->
<testsuite hostname="DESKTOP-4ORQ45M" failures="0" tests="2" name="day5.TestNGExercise1" time="0.014" errors="0" timestamp="02 Mar 2022 09:33:50 GMT" skipped="0">
  <testcase classname="day5.TestNGExercise1" name="Testcase2" time="0.005"/>
  <testcase classname="day5.TestNGExercise1" name="Testcase1" time="0.009"/>
</testsuite> <!-- day5.TestNGExercise1 -->
