<?xml version="1.0" encoding="UTF-8"?>
<!-- Generated by org.testng.reporters.JUnitReportReporter -->
<testsuite hostname="DESKTOP-4ORQ45M" failures="0" tests="4" name="day5.DataProviderWithInput" time="62.975" errors="0" timestamp="02 Mar 2022 10:37:00 GMT" skipped="0">
  <testcase classname="day5.DataProviderWithInput" name="LoginTest" time="15.999"/>
  <testcase classname="day5.DataProviderWithInput" name="LoginTest" time="17.071"/>
  <testcase classname="day5.DataProviderWithInput" name="LoginTest" time="16.272"/>
  <testcase classname="day5.DataProviderWithInput" name="LoginTest" time="13.633"/>
</testsuite> <!-- day5.DataProviderWithInput -->
