<?xml version="1.0" encoding="UTF-8"?>
<!-- Generated by org.testng.reporters.JUnitReportReporter -->
<testsuite hostname="DESKTOP-4ORQ45M" failures="0" tests="2" name="day6.pom.tests.LoginTest" time="9.253" errors="0" timestamp="03 Mar 2022 12:02:08 GMT" skipped="0">
  <testcase classname="day6.pom.tests.LoginTest" name="LoginTc" time="3.718"/>
  <testcase classname="day6.pom.tests.LoginTest" name="LoginTc" time="5.535"/>
</testsuite> <!-- day6.pom.tests.LoginTest -->
